<?xml version="1.0" encoding="UTF-8"?>
<testng-results ignored="0" total="2" passed="2" failed="0" skipped="0">
  <reporter-output>
  </reporter-output>
  <suite started-at="2025-12-10T23:37:01 IST" name="Suite" finished-at="2025-12-10T23:37:13 IST" duration-ms="11748">
    <groups>
      <group name="cucumber">
        <method signature="AbstractTestNGCucumberTests.runScenario(io.cucumber.testng.PickleWrapper,io.cucumber.testng.FeatureWrapper)[pri:0, instance:uiFeatureSteps.AmazonTestRunner@2b662a77]" name="runScenario" class="io.cucumber.testng.AbstractTestNGCucumberTests"/>
      </group> <!-- cucumber -->
    </groups>
    <test started-at="2025-12-10T23:37:01 IST" name="Test" finished-at="2025-12-10T23:37:13 IST" duration-ms="11748">
      <class name="uiFeatureSteps.AmazonTestRunner">
        <test-method is-config="true" signature="setUpClass(org.testng.ITestContext)[pri:0, instance:uiFeatureSteps.AmazonTestRunner@2b662a77]" started-at="2025-12-10T23:37:01 IST" name="setUpClass" finished-at="2025-12-10T23:37:02 IST" duration-ms="853" status="PASS">
          <params>
            <param index="0">
              <value>
                <![CDATA[org.testng.TestRunner@31ddb930]]>
              </value>
            </param>
          </params>
          <reporter-output>
          </reporter-output>
        </test-method> <!-- setUpClass -->
        <test-method signature="runScenario(io.cucumber.testng.PickleWrapper,io.cucumber.testng.FeatureWrapper)[pri:0, instance:uiFeatureSteps.AmazonTestRunner@2b662a77]" started-at="2025-12-10T23:37:02 IST" name="runScenario" description="Runs Cucumber Scenarios" data-provider="scenarios" finished-at="2025-12-10T23:37:05 IST" duration-ms="2699" status="PASS">
          <params>
            <param index="0">
              <value>
                <![CDATA["verify title of page"]]>
              </value>
            </param>
            <param index="1">
              <value>
                <![CDATA["Homepage functionality"]]>
              </value>
            </param>
          </params>
          <reporter-output>
          </reporter-output>
        </test-method> <!-- runScenario -->
        <test-method signature="runScenario(io.cucumber.testng.PickleWrapper,io.cucumber.testng.FeatureWrapper)[pri:0, instance:uiFeatureSteps.AmazonTestRunner@2b662a77]" started-at="2025-12-10T23:37:05 IST" name="runScenario" description="Runs Cucumber Scenarios" data-provider="scenarios" finished-at="2025-12-10T23:37:11 IST" duration-ms="6039" status="PASS">
          <params>
            <param index="0">
              <value>
                <![CDATA["verify cart icon is displaying"]]>
              </value>
            </param>
            <param index="1">
              <value>
                <![CDATA["Homepage functionality"]]>
              </value>
            </param>
          </params>
          <reporter-output>
          </reporter-output>
        </test-method> <!-- runScenario -->
        <test-method is-config="true" signature="tearDownClass()[pri:0, instance:uiFeatureSteps.AmazonTestRunner@2b662a77]" started-at="2025-12-10T23:37:11 IST" name="tearDownClass" finished-at="2025-12-10T23:37:13 IST" duration-ms="2094" status="PASS">
          <reporter-output>
          </reporter-output>
        </test-method> <!-- tearDownClass -->
      </class> <!-- uiFeatureSteps.AmazonTestRunner -->
    </test> <!-- Test -->
  </suite> <!-- Suite -->
</testng-results>
