<?xml version="1.0" encoding="UTF-8"?>
<!-- Generated by org.testng.reporters.JUnitReportReporter -->
<testsuite hostname="DESKTOP-JFALR25" failures="0" tests="2" name="runner.Dependancy_iinjection_Runner" time="0.081" errors="0" timestamp="2025-07-06T21:53:22 IST" skipped="0">
  <testcase classname="runner.Dependancy_iinjection_Runner" name="runScenario" time="0.079"/>
  <testcase classname="runner.Dependancy_iinjection_Runner" name="runScenario" time="0.002"/>
</testsuite> <!-- runner.Dependancy_iinjection_Runner -->
