<?xml version="1.0" encoding="UTF-8"?>
<!-- Generated by org.testng.reporters.JUnitReportReporter -->
<testsuite hostname="DESKTOP-JFALR25" failures="0" tests="3" name="runner.tagsRunner" time="0.133" errors="0" timestamp="2025-07-03T08:46:43 IST" skipped="0">
  <testcase classname="runner.tagsRunner" name="runScenario" time="0.117"/>
  <testcase classname="runner.tagsRunner" name="runScenario" time="0.008"/>
  <testcase classname="runner.tagsRunner" name="runScenario" time="0.008"/>
</testsuite> <!-- runner.tagsRunner -->
