<?xml version="1.0" encoding="UTF-8"?>
<!-- Generated by org.testng.reporters.JUnitReportReporter -->
<testsuite hostname="DESKTOP-JFALR25" failures="0" tests="3" name="runner.ScenarioOutlineRunner" time="0.278" errors="3" timestamp="2025-06-25T22:54:39 IST" skipped="0">
  <testcase classname="runner.ScenarioOutlineRunner" name="runScenario" time="0.008">
    <error message="The step &#039;User clicks on Signup button&#039; is undefined.
You can implement this step using the snippet(s) below:

@Given(&quot;User clicks on Signup button&quot;)
public void user_clicks_on_signup_button() {
    // Write code here that turns the phrase above into concrete actions
    throw new io.cucumber.java.PendingException();
}
" type="io.cucumber.testng.UndefinedStepException">
      <![CDATA[io.cucumber.testng.UndefinedStepException: The step 'User clicks on Signup button' is undefined.
You can implement this step using the snippet(s) below:

@Given("User clicks on Signup button")
public void user_clicks_on_signup_button() {
    // Write code here that turns the phrase above into concrete actions
    throw new io.cucumber.java.PendingException();
}

at ✽.User clicks on Signup button(file:///C:/Users/Abhijeet%20Yadav/eclipse-workspace/BDDcucumber/src/test/resources/appFeature/ScenarioOutline_SignUP.feature:5)
]]>
    </error>
  </testcase> <!-- runScenario -->
  <testcase classname="runner.ScenarioOutlineRunner" name="runScenario" time="0.263">
    <error message="The step &#039;User clicks on Signup button&#039; is undefined.
You can implement this step using the snippet(s) below:

@Given(&quot;User clicks on Signup button&quot;)
public void user_clicks_on_signup_button() {
    // Write code here that turns the phrase above into concrete actions
    throw new io.cucumber.java.PendingException();
}
" type="io.cucumber.testng.UndefinedStepException">
      <![CDATA[io.cucumber.testng.UndefinedStepException: The step 'User clicks on Signup button' is undefined.
You can implement this step using the snippet(s) below:

@Given("User clicks on Signup button")
public void user_clicks_on_signup_button() {
    // Write code here that turns the phrase above into concrete actions
    throw new io.cucumber.java.PendingException();
}

at ✽.User clicks on Signup button(file:///C:/Users/Abhijeet%20Yadav/eclipse-workspace/BDDcucumber/src/test/resources/appFeature/ScenarioOutline_SignUP.feature:5)
]]>
    </error>
  </testcase> <!-- runScenario -->
  <testcase classname="runner.ScenarioOutlineRunner" name="runScenario" time="0.007">
    <error message="The step &#039;User clicks on Signup button&#039; is undefined.
You can implement this step using the snippet(s) below:

@Given(&quot;User clicks on Signup button&quot;)
public void user_clicks_on_signup_button() {
    // Write code here that turns the phrase above into concrete actions
    throw new io.cucumber.java.PendingException();
}
" type="io.cucumber.testng.UndefinedStepException">
      <![CDATA[io.cucumber.testng.UndefinedStepException: The step 'User clicks on Signup button' is undefined.
You can implement this step using the snippet(s) below:

@Given("User clicks on Signup button")
public void user_clicks_on_signup_button() {
    // Write code here that turns the phrase above into concrete actions
    throw new io.cucumber.java.PendingException();
}

at ✽.User clicks on Signup button(file:///C:/Users/Abhijeet%20Yadav/eclipse-workspace/BDDcucumber/src/test/resources/appFeature/ScenarioOutline_SignUP.feature:5)
]]>
    </error>
  </testcase> <!-- runScenario -->
</testsuite> <!-- runner.ScenarioOutlineRunner -->
