<?xml version="1.0" encoding="UTF-8"?>
<!-- Generated by org.testng.reporters.JUnitReportReporter -->
<testsuite hostname="DESKTOP-JFALR25" failures="0" tests="2" name="runner.Dependancy_injection_Runner" time="0.087" errors="0" timestamp="2025-07-06T21:57:45 IST" skipped="0">
  <testcase classname="runner.Dependancy_injection_Runner" name="runScenario" time="0.085"/>
  <testcase classname="runner.Dependancy_injection_Runner" name="runScenario" time="0.002"/>
</testsuite> <!-- runner.Dependancy_injection_Runner -->
