<?xml version="1.0" encoding="UTF-8"?>
<!-- Generated by org.testng.reporters.JUnitReportReporter -->
<testsuite hostname="DESKTOP-JFALR25" failures="0" tests="2" name="uiFeatureSteps.FailedAmazonTestRunner" time="11.354" errors="0" timestamp="2025-07-14T22:44:30 IST" skipped="0">
  <testcase classname="uiFeatureSteps.FailedAmazonTestRunner" name="runScenario" time="4.276"/>
  <testcase classname="uiFeatureSteps.FailedAmazonTestRunner" name="runScenario" time="7.078"/>
</testsuite> <!-- uiFeatureSteps.FailedAmazonTestRunner -->
