<?xml version="1.0" encoding="UTF-8"?>
<!-- Generated by org.testng.reporters.JUnitReportReporter -->
<testsuite hostname="DESKTOP-JFALR25" failures="0" tests="3" name="runner.ProfileRunner" time="0.166" errors="0" timestamp="2025-06-21T23:13:30 IST" skipped="0">
  <testcase classname="runner.ProfileRunner" name="runScenario" time="0.156"/>
  <testcase classname="runner.ProfileRunner" name="runScenario" time="0.006"/>
  <testcase classname="runner.ProfileRunner" name="runScenario" time="0.004"/>
</testsuite> <!-- runner.ProfileRunner -->
