<?xml version="1.0" encoding="UTF-8"?>
<!-- Generated by org.testng.reporters.JUnitReportReporter -->
<testsuite hostname="DESKTOP-JFALR25" failures="0" tests="3" name="runner.HooksRunner" time="0.099" errors="0" timestamp="2025-07-02T20:41:08 IST" skipped="0">
  <testcase classname="runner.HooksRunner" name="runScenario" time="0.004"/>
  <testcase classname="runner.HooksRunner" name="runScenario" time="0.003"/>
  <testcase classname="runner.HooksRunner" name="runScenario" time="0.092"/>
</testsuite> <!-- runner.HooksRunner -->
