<?xml version="1.0" encoding="UTF-8"?>
<!-- Generated by org.testng.reporters.JUnitReportReporter -->
<testsuite hostname="DESKTOP-JFALR25" failures="0" tests="2" name="uiFeatureSteps.AmazonTestRunner" time="8.738" errors="0" timestamp="2025-12-10T23:37:13 IST" skipped="0">
  <testcase classname="uiFeatureSteps.AmazonTestRunner" name="runScenario" time="6.039"/>
  <testcase classname="uiFeatureSteps.AmazonTestRunner" name="runScenario" time="2.699"/>
</testsuite> <!-- uiFeatureSteps.AmazonTestRunner -->
